<?xml version="1.0" encoding="UTF-8"?>
<!-- Generated by org.testng.reporters.JUnitReportReporter -->
<testsuite hostname="Asra" failures="0" tests="3" name="testCases.TC4_AddAffiliate" time="11.467" errors="0" timestamp="2025-08-01T02:53:11 EDT" skipped="0">
  <testcase classname="testCases.TC4_AddAffiliate" name="testAddAffiliate" time="3.464"/>
  <testcase classname="testCases.TC4_AddAffiliate" name="testAddAffiliate" time="3.940"/>
  <testcase classname="testCases.TC4_AddAffiliate" name="testAddAffiliate" time="4.063"/>
</testsuite> <!-- testCases.TC4_AddAffiliate -->
