<?xml version="1.0" encoding="UTF-8"?>
<!-- Generated by org.testng.reporters.JUnitReportReporter -->
<testsuite hostname="Asra" failures="0" tests="15" name="testCases.TC2_Login" time="29.983" errors="0" timestamp="2025-08-01T02:53:11 EDT" skipped="0">
  <testcase classname="testCases.TC2_Login" name="testLogin" time="1.932"/>
  <testcase classname="testCases.TC2_Login" name="testLogin" time="1.597"/>
  <testcase classname="testCases.TC2_Login" name="testLogin" time="1.665"/>
  <testcase classname="testCases.TC2_Login" name="testLogin" time="2.253"/>
  <testcase classname="testCases.TC2_Login" name="testLogin" time="2.294"/>
  <testcase classname="testCases.TC2_Login" name="testLogin" time="1.997"/>
  <testcase classname="testCases.TC2_Login" name="testLogin" time="2.111"/>
  <testcase classname="testCases.TC2_Login" name="testLogin" time="2.093"/>
  <testcase classname="testCases.TC2_Login" name="testLogin" time="1.634"/>
  <testcase classname="testCases.TC2_Login" name="testLogin" time="1.644"/>
  <testcase classname="testCases.TC2_Login" name="testLogin" time="1.978"/>
  <testcase classname="testCases.TC2_Login" name="testLogin" time="2.432"/>
  <testcase classname="testCases.TC2_Login" name="testLogin" time="2.081"/>
  <testcase classname="testCases.TC2_Login" name="testLogin" time="1.949"/>
  <testcase classname="testCases.TC2_Login" name="testLogin" time="2.323"/>
</testsuite> <!-- testCases.TC2_Login -->
