<?xml version="1.0" encoding="UTF-8"?>
<!-- Generated by org.testng.reporters.JUnitReportReporter -->
<testsuite hostname="Asra" failures="0" tests="3" name="testCases.TC01_LaunchApplication" time="0.050" errors="0" timestamp="2025-08-01T02:53:11 EDT" skipped="0">
  <testcase classname="testCases.TC01_LaunchApplication" name="testLaunchApplication" time="0.024"/>
  <testcase classname="testCases.TC01_LaunchApplication" name="testLaunchApplication" time="0.018"/>
  <testcase classname="testCases.TC01_LaunchApplication" name="testLaunchApplication" time="0.008"/>
</testsuite> <!-- testCases.TC01_LaunchApplication -->
