<?xml version="1.0" encoding="UTF-8"?>
<!-- Generated by org.testng.reporters.JUnitReportReporter -->
<testsuite hostname="Asra" failures="0" tests="3" name="testCases.TC3_AddToCart" time="8.749" errors="0" timestamp="2025-08-01T02:53:11 EDT" skipped="0">
  <testcase classname="testCases.TC3_AddToCart" name="addtocart" time="3.037"/>
  <testcase classname="testCases.TC3_AddToCart" name="addtocart" time="3.140"/>
  <testcase classname="testCases.TC3_AddToCart" name="addtocart" time="2.572"/>
</testsuite> <!-- testCases.TC3_AddToCart -->
